<?xml version="1.0" encoding="UTF-8"?>
<!-- Generated by org.testng.reporters.JUnitReportReporter -->
<testsuite hostname="DHARANESH" name="com.Mytests.LoginTest" tests="3" failures="0" timestamp="13 Sep 2019 10:23:40 GMT" time="93.471" errors="1">
  <testcase name="doLoginTest" time="30.238" classname="com.Mytests.LoginTest">
    <error type="java.lang.NullPointerException">
      <![CDATA[java.lang.NullPointerException
	at Pages.LoginPage.doLogin(LoginPage.java:55)
	at com.Mytests.LoginTest.doLoginTest(LoginTest.java:39)
	at sun.reflect.NativeMethodAccessorImpl.invoke0(Native Method)
	at sun.reflect.NativeMethodAccessorImpl.invoke(Unknown Source)
	at sun.reflect.DelegatingMethodAccessorImpl.invoke(Unknown Source)
	at java.lang.reflect.Method.invoke(Unknown Source)
	at org.testng.internal.MethodInvocationHelper.invokeMethod(MethodInvocationHelper.java:86)
	at org.testng.internal.Invoker.invokeMethod(Invoker.java:645)
	at org.testng.internal.Invoker.invokeTestMethod(Invoker.java:822)
	at org.testng.internal.Invoker.invokeTestMethods(Invoker.java:1130)
	at org.testng.internal.TestMethodWorker.invokeTestMethods(TestMethodWorker.java:129)
	at org.testng.internal.TestMethodWorker.run(TestMethodWorker.java:112)
	at java.util.concurrent.ThreadPoolExecutor.runWorker(Unknown Source)
	at java.util.concurrent.ThreadPoolExecutor$Worker.run(Unknown Source)
	at java.lang.Thread.run(Unknown Source)
]]>
    </error>
  </testcase> <!-- doLoginTest -->
  <testcase name="VerifyLoginPageHeaderTest" time="31.811" classname="com.Mytests.LoginTest"/>
  <testcase name="VerifyLoginPageTitleTest" time="31.422" classname="com.Mytests.LoginTest"/>
</testsuite> <!-- com.Mytests.LoginTest -->
